<?xml version="1.0" encoding="UTF-8"?>
<!-- Generated by org.testng.reporters.JUnitReportReporter -->
<testsuite hostname="DESKTOP-9QNOC76" failures="0" tests="2" name="jproject_test.jtest" time="0.035" errors="0" timestamp="2025-03-03T18:53:02 IST" skipped="0">
  <testcase classname="jproject_test.jtest" name="testlogin1" time="0.032"/>
  <system-out/>
  <testcase classname="jproject_test.jtest" name="testlogin2" time="0.003"/>
  <system-out/>
</testsuite> <!-- jproject_test.jtest -->
